-----------------------------------------------------------------------------------
DateTime: 31.12.2025 19:26:44:078 +10:00; PID: 28788
This file contains the stderr stream of the Minecraft process logged to a file.
It does not include stdout or log (log4j) messages to avoid performance impact.
-----------------------------------------------------------------------------------
[19:27:32:668] [STDERR]: java.lang.NullPointerException: in is null
[19:27:32:668] [STDERR]: 	at java.base/java.util.zip.ZipInputStream.<init>(Unknown Source)
[19:27:32:668] [STDERR]: 	at java.base/java.util.zip.ZipInputStream.<init>(Unknown Source)
[19:27:32:668] [STDERR]: 	at TRANSFORMER/iceandfire@2.1.13-1.20.1/com.github.alexthe666.iceandfire.client.model.util.TabulaModelHandlerHelper.getModelJsonStream(TabulaModelHandlerHelper.java:27)
[19:27:32:668] [STDERR]: 	at TRANSFORMER/iceandfire@2.1.13-1.20.1/com.github.alexthe666.iceandfire.client.model.util.TabulaModelHandlerHelper.loadTabulaModel(TabulaModelHandlerHelper.java:23)
[19:27:32:668] [STDERR]: 	at TRANSFORMER/iceandfire@2.1.13-1.20.1/com.github.alexthe666.iceandfire.client.render.entity.layer.LayerDragonEyes.<init>(LayerDragonEyes.java:36)
[19:27:32:668] [STDERR]: 	at TRANSFORMER/iceandfire@2.1.13-1.20.1/com.github.alexthe666.iceandfire.client.render.entity.RenderDragonBase.<init>(RenderDragonBase.java:33)
[19:27:32:668] [STDERR]: 	at TRANSFORMER/iceandfire@2.1.13-1.20.1/com.github.alexthe666.iceandfire.client.render.entity.RenderLightningDragon.<init>(RenderLightningDragon.java:22)
[19:27:32:668] [STDERR]: 	at TRANSFORMER/iceandfire@2.1.13-1.20.1/com.github.alexthe666.iceandfire.client.IafClientSetup.lambda$clientInit$2(IafClientSetup.java:58)
[19:27:32:668] [STDERR]: 	at TRANSFORMER/minecraft@1.20.1/net.minecraft.client.renderer.entity.EntityRenderers.m_257087_(EntityRenderers.java:162)
[19:27:32:668] [STDERR]: 	at java.base/java.util.HashMap.forEach(Unknown Source)
[19:27:32:668] [STDERR]: 	at TRANSFORMER/minecraft@1.20.1/net.minecraft.client.renderer.entity.EntityRenderers.m_174049_(EntityRenderers.java:160)
[19:27:32:668] [STDERR]: 	at TRANSFORMER/minecraft@1.20.1/net.minecraft.client.renderer.entity.EntityRenderDispatcher.m_6213_(EntityRenderDispatcher.java:360)
[19:27:32:668] [STDERR]: 	at TRANSFORMER/minecraft@1.20.1/net.minecraft.server.packs.resources.ResourceManagerReloadListener.m_10759_(ResourceManagerReloadListener.java:15)
[19:27:32:668] [STDERR]: 	at java.base/java.util.concurrent.CompletableFuture$UniRun.tryFire(Unknown Source)
[19:27:32:668] [STDERR]: 	at java.base/java.util.concurrent.CompletableFuture$Completion.run(Unknown Source)
[19:27:32:668] [STDERR]: 	at TRANSFORMER/minecraft@1.20.1/net.minecraft.server.packs.resources.SimpleReloadInstance.m_143940_(SimpleReloadInstance.java:69)
[19:27:32:668] [STDERR]: 	at TRANSFORMER/minecraft@1.20.1/net.minecraft.util.thread.BlockableEventLoop.m_6367_(BlockableEventLoop.java:156)
[19:27:32:668] [STDERR]: 	at TRANSFORMER/minecraft@1.20.1/net.minecraft.util.thread.ReentrantBlockableEventLoop.m_6367_(ReentrantBlockableEventLoop.java:23)
[19:27:32:668] [STDERR]: 	at TRANSFORMER/minecraft@1.20.1/net.minecraft.util.thread.BlockableEventLoop.m_7245_(BlockableEventLoop.java:130)
[19:27:32:668] [STDERR]: 	at TRANSFORMER/minecraft@1.20.1/net.minecraft.util.thread.BlockableEventLoop.m_18699_(BlockableEventLoop.java:115)
[19:27:32:668] [STDERR]: 	at TRANSFORMER/minecraft@1.20.1/net.minecraft.client.Minecraft.m_91383_(Minecraft.java:1106)
[19:27:32:668] [STDERR]: 	at TRANSFORMER/minecraft@1.20.1/net.minecraft.client.Minecraft.m_91374_(Minecraft.java:718)
[19:27:32:668] [STDERR]: 	at TRANSFORMER/minecraft@1.20.1/net.minecraft.client.main.Main.main(Main.java:218)
[19:27:32:668] [STDERR]: 	at java.base/jdk.internal.reflect.NativeMethodAccessorImpl.invoke0(Native Method)
[19:27:32:668] [STDERR]: 	at java.base/jdk.internal.reflect.NativeMethodAccessorImpl.invoke(Unknown Source)
[19:27:32:668] [STDERR]: 	at java.base/jdk.internal.reflect.DelegatingMethodAccessorImpl.invoke(Unknown Source)
[19:27:32:668] [STDERR]: 	at java.base/java.lang.reflect.Method.invoke(Unknown Source)
[19:27:32:668] [STDERR]: 	at MC-BOOTSTRAP/fmlloader@1.20.1-47.4.10/net.minecraftforge.fml.loading.targets.CommonLaunchHandler.runTarget(CommonLaunchHandler.java:111)
[19:27:32:668] [STDERR]: 	at MC-BOOTSTRAP/fmlloader@1.20.1-47.4.10/net.minecraftforge.fml.loading.targets.CommonLaunchHandler.clientService(CommonLaunchHandler.java:99)
[19:27:32:668] [STDERR]: 	at MC-BOOTSTRAP/fmlloader@1.20.1-47.4.10/net.minecraftforge.fml.loading.targets.CommonClientLaunchHandler.lambda$makeService$0(CommonClientLaunchHandler.java:25)
[19:27:32:668] [STDERR]: 	at MC-BOOTSTRAP/cpw.mods.modlauncher@10.0.9/cpw.mods.modlauncher.LaunchServiceHandlerDecorator.launch(LaunchServiceHandlerDecorator.java:30)
[19:27:32:668] [STDERR]: 	at MC-BOOTSTRAP/cpw.mods.modlauncher@10.0.9/cpw.mods.modlauncher.LaunchServiceHandler.launch(LaunchServiceHandler.java:53)
[19:27:32:668] [STDERR]: 	at MC-BOOTSTRAP/cpw.mods.modlauncher@10.0.9/cpw.mods.modlauncher.LaunchServiceHandler.launch(LaunchServiceHandler.java:71)
[19:27:32:668] [STDERR]: 	at MC-BOOTSTRAP/cpw.mods.modlauncher@10.0.9/cpw.mods.modlauncher.Launcher.run(Launcher.java:108)
[19:27:32:668] [STDERR]: 	at MC-BOOTSTRAP/cpw.mods.modlauncher@10.0.9/cpw.mods.modlauncher.Launcher.main(Launcher.java:78)
[19:27:32:668] [STDERR]: 	at MC-BOOTSTRAP/cpw.mods.modlauncher@10.0.9/cpw.mods.modlauncher.BootstrapLaunchConsumer.accept(BootstrapLaunchConsumer.java:26)
[19:27:32:668] [STDERR]: 	at MC-BOOTSTRAP/cpw.mods.modlauncher@10.0.9/cpw.mods.modlauncher.BootstrapLaunchConsumer.accept(BootstrapLaunchConsumer.java:23)
[19:27:32:668] [STDERR]: 	at cpw.mods.bootstraplauncher@1.1.2/cpw.mods.bootstraplauncher.BootstrapLauncher.main(BootstrapLauncher.java:141)
[19:27:32:668] [STDERR]: 	at java.base/jdk.internal.reflect.NativeMethodAccessorImpl.invoke0(Native Method)
[19:27:32:668] [STDERR]: 	at java.base/jdk.internal.reflect.NativeMethodAccessorImpl.invoke(Unknown Source)
[19:27:32:668] [STDERR]: 	at java.base/jdk.internal.reflect.DelegatingMethodAccessorImpl.invoke(Unknown Source)
[19:27:32:668] [STDERR]: 	at java.base/java.lang.reflect.Method.invoke(Unknown Source)
[19:27:32:668] [STDERR]: 	at com.modrinth.theseus.MinecraftLaunch.relaunch(MinecraftLaunch.java:63)
[19:27:32:668] [STDERR]: 	at com.modrinth.theseus.MinecraftLaunch.main(MinecraftLaunch.java:28)
[19:27:33:205] [STDERR]: java.lang.NullPointerException: in is null
[19:27:33:205] [STDERR]: 	at java.base/java.util.zip.ZipInputStream.<init>(Unknown Source)
[19:27:33:205] [STDERR]: 	at java.base/java.util.zip.ZipInputStream.<init>(Unknown Source)
[19:27:33:205] [STDERR]: 	at TRANSFORMER/iceandfire@2.1.13-1.20.1/com.github.alexthe666.iceandfire.client.model.util.TabulaModelHandlerHelper.getModelJsonStream(TabulaModelHandlerHelper.java:27)
[19:27:33:205] [STDERR]: 	at TRANSFORMER/iceandfire@2.1.13-1.20.1/com.github.alexthe666.iceandfire.client.model.util.TabulaModelHandlerHelper.loadTabulaModel(TabulaModelHandlerHelper.java:23)
[19:27:33:205] [STDERR]: 	at TRANSFORMER/iceandfire@2.1.13-1.20.1/com.github.alexthe666.iceandfire.client.render.entity.layer.LayerDragonEyes.<init>(LayerDragonEyes.java:36)
[19:27:33:205] [STDERR]: 	at TRANSFORMER/iceandfire@2.1.13-1.20.1/com.github.alexthe666.iceandfire.client.render.entity.RenderDragonBase.<init>(RenderDragonBase.java:33)
[19:27:33:205] [STDERR]: 	at TRANSFORMER/iceandfire@2.1.13-1.20.1/com.github.alexthe666.iceandfire.client.IafClientSetup.lambda$clientInit$0(IafClientSetup.java:56)
[19:27:33:205] [STDERR]: 	at TRANSFORMER/minecraft@1.20.1/net.minecraft.client.renderer.entity.EntityRenderers.m_257087_(EntityRenderers.java:162)
[19:27:33:205] [STDERR]: 	at java.base/java.util.HashMap.forEach(Unknown Source)
[19:27:33:205] [STDERR]: 	at TRANSFORMER/minecraft@1.20.1/net.minecraft.client.renderer.entity.EntityRenderers.m_174049_(EntityRenderers.java:160)
[19:27:33:205] [STDERR]: 	at TRANSFORMER/minecraft@1.20.1/net.minecraft.client.renderer.entity.EntityRenderDispatcher.m_6213_(EntityRenderDispatcher.java:360)
[19:27:33:205] [STDERR]: 	at TRANSFORMER/minecraft@1.20.1/net.minecraft.server.packs.resources.ResourceManagerReloadListener.m_10759_(ResourceManagerReloadListener.java:15)
[19:27:33:205] [STDERR]: 	at java.base/java.util.concurrent.CompletableFuture$UniRun.tryFire(Unknown Source)
[19:27:33:205] [STDERR]: 	at java.base/java.util.concurrent.CompletableFuture$Completion.run(Unknown Source)
[19:27:33:205] [STDERR]: 	at TRANSFORMER/minecraft@1.20.1/net.minecraft.server.packs.resources.SimpleReloadInstance.m_143940_(SimpleReloadInstance.java:69)
[19:27:33:205] [STDERR]: 	at TRANSFORMER/minecraft@1.20.1/net.minecraft.util.thread.BlockableEventLoop.m_6367_(BlockableEventLoop.java:156)
[19:27:33:205] [STDERR]: 	at TRANSFORMER/minecraft@1.20.1/net.minecraft.util.thread.ReentrantBlockableEventLoop.m_6367_(ReentrantBlockableEventLoop.java:23)
[19:27:33:205] [STDERR]: 	at TRANSFORMER/minecraft@1.20.1/net.minecraft.util.thread.BlockableEventLoop.m_7245_(BlockableEventLoop.java:130)
[19:27:33:205] [STDERR]: 	at TRANSFORMER/minecraft@1.20.1/net.minecraft.util.thread.BlockableEventLoop.m_18699_(BlockableEventLoop.java:115)
[19:27:33:205] [STDERR]: 	at TRANSFORMER/minecraft@1.20.1/net.minecraft.client.Minecraft.m_91383_(Minecraft.java:1106)
[19:27:33:205] [STDERR]: 	at TRANSFORMER/minecraft@1.20.1/net.minecraft.client.Minecraft.m_91374_(Minecraft.java:718)
[19:27:33:205] [STDERR]: 	at TRANSFORMER/minecraft@1.20.1/net.minecraft.client.main.Main.main(Main.java:218)
[19:27:33:205] [STDERR]: 	at java.base/jdk.internal.reflect.NativeMethodAccessorImpl.invoke0(Native Method)
[19:27:33:205] [STDERR]: 	at java.base/jdk.internal.reflect.NativeMethodAccessorImpl.invoke(Unknown Source)
[19:27:33:205] [STDERR]: 	at java.base/jdk.internal.reflect.DelegatingMethodAccessorImpl.invoke(Unknown Source)
[19:27:33:205] [STDERR]: 	at java.base/java.lang.reflect.Method.invoke(Unknown Source)
[19:27:33:205] [STDERR]: 	at MC-BOOTSTRAP/fmlloader@1.20.1-47.4.10/net.minecraftforge.fml.loading.targets.CommonLaunchHandler.runTarget(CommonLaunchHandler.java:111)
[19:27:33:205] [STDERR]: 	at MC-BOOTSTRAP/fmlloader@1.20.1-47.4.10/net.minecraftforge.fml.loading.targets.CommonLaunchHandler.clientService(CommonLaunchHandler.java:99)
[19:27:33:205] [STDERR]: 	at MC-BOOTSTRAP/fmlloader@1.20.1-47.4.10/net.minecraftforge.fml.loading.targets.CommonClientLaunchHandler.lambda$makeService$0(CommonClientLaunchHandler.java:25)
[19:27:33:205] [STDERR]: 	at MC-BOOTSTRAP/cpw.mods.modlauncher@10.0.9/cpw.mods.modlauncher.LaunchServiceHandlerDecorator.launch(LaunchServiceHandlerDecorator.java:30)
[19:27:33:205] [STDERR]: 	at MC-BOOTSTRAP/cpw.mods.modlauncher@10.0.9/cpw.mods.modlauncher.LaunchServiceHandler.launch(LaunchServiceHandler.java:53)
[19:27:33:205] [STDERR]: 	at MC-BOOTSTRAP/cpw.mods.modlauncher@10.0.9/cpw.mods.modlauncher.LaunchServiceHandler.launch(LaunchServiceHandler.java:71)
[19:27:33:205] [STDERR]: 	at MC-BOOTSTRAP/cpw.mods.modlauncher@10.0.9/cpw.mods.modlauncher.Launcher.run(Launcher.java:108)
[19:27:33:205] [STDERR]: 	at MC-BOOTSTRAP/cpw.mods.modlauncher@10.0.9/cpw.mods.modlauncher.Launcher.main(Launcher.java:78)
[19:27:33:205] [STDERR]: 	at MC-BOOTSTRAP/cpw.mods.modlauncher@10.0.9/cpw.mods.modlauncher.BootstrapLaunchConsumer.accept(BootstrapLaunchConsumer.java:26)
[19:27:33:205] [STDERR]: 	at MC-BOOTSTRAP/cpw.mods.modlauncher@10.0.9/cpw.mods.modlauncher.BootstrapLaunchConsumer.accept(BootstrapLaunchConsumer.java:23)
[19:27:33:205] [STDERR]: 	at cpw.mods.bootstraplauncher@1.1.2/cpw.mods.bootstraplauncher.BootstrapLauncher.main(BootstrapLauncher.java:141)
[19:27:33:205] [STDERR]: 	at java.base/jdk.internal.reflect.NativeMethodAccessorImpl.invoke0(Native Method)
[19:27:33:205] [STDERR]: 	at java.base/jdk.internal.reflect.NativeMethodAccessorImpl.invoke(Unknown Source)
[19:27:33:205] [STDERR]: 	at java.base/jdk.internal.reflect.DelegatingMethodAccessorImpl.invoke(Unknown Source)
[19:27:33:205] [STDERR]: 	at java.base/java.lang.reflect.Method.invoke(Unknown Source)
[19:27:33:205] [STDERR]: 	at com.modrinth.theseus.MinecraftLaunch.relaunch(MinecraftLaunch.java:63)
[19:27:33:205] [STDERR]: 	at com.modrinth.theseus.MinecraftLaunch.main(MinecraftLaunch.java:28)
[19:27:33:633] [STDERR]: java.lang.NullPointerException: in is null
[19:27:33:633] [STDERR]: 	at java.base/java.util.zip.ZipInputStream.<init>(Unknown Source)
[19:27:33:633] [STDERR]: 	at java.base/java.util.zip.ZipInputStream.<init>(Unknown Source)
[19:27:33:633] [STDERR]: 	at TRANSFORMER/iceandfire@2.1.13-1.20.1/com.github.alexthe666.iceandfire.client.model.util.TabulaModelHandlerHelper.getModelJsonStream(TabulaModelHandlerHelper.java:27)
[19:27:33:634] [STDERR]: 	at TRANSFORMER/iceandfire@2.1.13-1.20.1/com.github.alexthe666.iceandfire.client.model.util.TabulaModelHandlerHelper.loadTabulaModel(TabulaModelHandlerHelper.java:23)
[19:27:33:634] [STDERR]: 	at TRANSFORMER/iceandfire@2.1.13-1.20.1/com.github.alexthe666.iceandfire.client.render.entity.layer.LayerDragonEyes.<init>(LayerDragonEyes.java:36)
[19:27:33:634] [STDERR]: 	at TRANSFORMER/iceandfire@2.1.13-1.20.1/com.github.alexthe666.iceandfire.client.render.entity.RenderDragonBase.<init>(RenderDragonBase.java:33)
[19:27:33:634] [STDERR]: 	at TRANSFORMER/iceandfire@2.1.13-1.20.1/com.github.alexthe666.iceandfire.client.IafClientSetup.lambda$clientInit$1(IafClientSetup.java:57)
[19:27:33:634] [STDERR]: 	at TRANSFORMER/minecraft@1.20.1/net.minecraft.client.renderer.entity.EntityRenderers.m_257087_(EntityRenderers.java:162)
[19:27:33:634] [STDERR]: 	at java.base/java.util.HashMap.forEach(Unknown Source)
[19:27:33:634] [STDERR]: 	at TRANSFORMER/minecraft@1.20.1/net.minecraft.client.renderer.entity.EntityRenderers.m_174049_(EntityRenderers.java:160)
[19:27:33:634] [STDERR]: 	at TRANSFORMER/minecraft@1.20.1/net.minecraft.client.renderer.entity.EntityRenderDispatcher.m_6213_(EntityRenderDispatcher.java:360)
[19:27:33:634] [STDERR]: 	at TRANSFORMER/minecraft@1.20.1/net.minecraft.server.packs.resources.ResourceManagerReloadListener.m_10759_(ResourceManagerReloadListener.java:15)
[19:27:33:634] [STDERR]: 	at java.base/java.util.concurrent.CompletableFuture$UniRun.tryFire(Unknown Source)
[19:27:33:634] [STDERR]: 	at java.base/java.util.concurrent.CompletableFuture$Completion.run(Unknown Source)
[19:27:33:634] [STDERR]: 	at TRANSFORMER/minecraft@1.20.1/net.minecraft.server.packs.resources.SimpleReloadInstance.m_143940_(SimpleReloadInstance.java:69)
[19:27:33:634] [STDERR]: 	at TRANSFORMER/minecraft@1.20.1/net.minecraft.util.thread.BlockableEventLoop.m_6367_(BlockableEventLoop.java:156)
[19:27:33:634] [STDERR]: 	at TRANSFORMER/minecraft@1.20.1/net.minecraft.util.thread.ReentrantBlockableEventLoop.m_6367_(ReentrantBlockableEventLoop.java:23)
[19:27:33:634] [STDERR]: 	at TRANSFORMER/minecraft@1.20.1/net.minecraft.util.thread.BlockableEventLoop.m_7245_(BlockableEventLoop.java:130)
[19:27:33:634] [STDERR]: 	at TRANSFORMER/minecraft@1.20.1/net.minecraft.util.thread.BlockableEventLoop.m_18699_(BlockableEventLoop.java:115)
[19:27:33:634] [STDERR]: 	at TRANSFORMER/minecraft@1.20.1/net.minecraft.client.Minecraft.m_91383_(Minecraft.java:1106)
[19:27:33:634] [STDERR]: 	at TRANSFORMER/minecraft@1.20.1/net.minecraft.client.Minecraft.m_91374_(Minecraft.java:718)
[19:27:33:634] [STDERR]: 	at TRANSFORMER/minecraft@1.20.1/net.minecraft.client.main.Main.main(Main.java:218)
[19:27:33:634] [STDERR]: 	at java.base/jdk.internal.reflect.NativeMethodAccessorImpl.invoke0(Native Method)
[19:27:33:634] [STDERR]: 	at java.base/jdk.internal.reflect.NativeMethodAccessorImpl.invoke(Unknown Source)
[19:27:33:634] [STDERR]: 	at java.base/jdk.internal.reflect.DelegatingMethodAccessorImpl.invoke(Unknown Source)
[19:27:33:634] [STDERR]: 	at java.base/java.lang.reflect.Method.invoke(Unknown Source)
[19:27:33:634] [STDERR]: 	at MC-BOOTSTRAP/fmlloader@1.20.1-47.4.10/net.minecraftforge.fml.loading.targets.CommonLaunchHandler.runTarget(CommonLaunchHandler.java:111)
[19:27:33:634] [STDERR]: 	at MC-BOOTSTRAP/fmlloader@1.20.1-47.4.10/net.minecraftforge.fml.loading.targets.CommonLaunchHandler.clientService(CommonLaunchHandler.java:99)
[19:27:33:634] [STDERR]: 	at MC-BOOTSTRAP/fmlloader@1.20.1-47.4.10/net.minecraftforge.fml.loading.targets.CommonClientLaunchHandler.lambda$makeService$0(CommonClientLaunchHandler.java:25)
[19:27:33:634] [STDERR]: 	at MC-BOOTSTRAP/cpw.mods.modlauncher@10.0.9/cpw.mods.modlauncher.LaunchServiceHandlerDecorator.launch(LaunchServiceHandlerDecorator.java:30)
[19:27:33:634] [STDERR]: 	at MC-BOOTSTRAP/cpw.mods.modlauncher@10.0.9/cpw.mods.modlauncher.LaunchServiceHandler.launch(LaunchServiceHandler.java:53)
[19:27:33:634] [STDERR]: 	at MC-BOOTSTRAP/cpw.mods.modlauncher@10.0.9/cpw.mods.modlauncher.LaunchServiceHandler.launch(LaunchServiceHandler.java:71)
[19:27:33:634] [STDERR]: 	at MC-BOOTSTRAP/cpw.mods.modlauncher@10.0.9/cpw.mods.modlauncher.Launcher.run(Launcher.java:108)
[19:27:33:634] [STDERR]: 	at MC-BOOTSTRAP/cpw.mods.modlauncher@10.0.9/cpw.mods.modlauncher.Launcher.main(Launcher.java:78)
[19:27:33:634] [STDERR]: 	at MC-BOOTSTRAP/cpw.mods.modlauncher@10.0.9/cpw.mods.modlauncher.BootstrapLaunchConsumer.accept(BootstrapLaunchConsumer.java:26)
[19:27:33:634] [STDERR]: 	at MC-BOOTSTRAP/cpw.mods.modlauncher@10.0.9/cpw.mods.modlauncher.BootstrapLaunchConsumer.accept(BootstrapLaunchConsumer.java:23)
[19:27:33:634] [STDERR]: 	at cpw.mods.bootstraplauncher@1.1.2/cpw.mods.bootstraplauncher.BootstrapLauncher.main(BootstrapLauncher.java:141)
[19:27:33:634] [STDERR]: 	at java.base/jdk.internal.reflect.NativeMethodAccessorImpl.invoke0(Native Method)
[19:27:33:634] [STDERR]: 	at java.base/jdk.internal.reflect.NativeMethodAccessorImpl.invoke(Unknown Source)
[19:27:33:634] [STDERR]: 	at java.base/jdk.internal.reflect.DelegatingMethodAccessorImpl.invoke(Unknown Source)
[19:27:33:634] [STDERR]: 	at java.base/java.lang.reflect.Method.invoke(Unknown Source)
[19:27:33:634] [STDERR]: 	at com.modrinth.theseus.MinecraftLaunch.relaunch(MinecraftLaunch.java:63)
[19:27:33:634] [STDERR]: 	at com.modrinth.theseus.MinecraftLaunch.main(MinecraftLaunch.java:28)
